Building pubber...
Note: Some input files use or override a deprecated API.
Note: Recompile with -Xlint:deprecation for details.
Running tools version 1.3.12-36-gc48f2229
INFO daq.pubber.Pubber - 2022-03-16T17:27:55Z Configuring with key type RS256
INFO daq.pubber.Pubber - 2022-03-16T17:27:55Z Starting pubber AHU-1, serial validator-11029, mac null, extra null, gateway null
INFO daq.pubber.Pubber - 2022-03-16T17:27:55Z Loading device key bytes from udmi_site_model/devices/AHU-1/rsa_private.pkcs8
INFO daq.pubber.MqttPublisher - Creating new mqtt client for projects/bos-daq-testing/locations/us-central1/registries/ZZ-TRI-FECTA/devices/AHU-1
INFO daq.pubber.MqttPublisher - Attempting connection to projects/bos-daq-testing/locations/us-central1/registries/ZZ-TRI-FECTA/devices/AHU-1
INFO daq.pubber.MqttPublisher - Password hash 38269d117e7d818bd1cb47274e6eaf1a788cf36f96a83430e595d2e560e570f9
INFO daq.pubber.Pubber - 2022-03-16T17:27:57Z system.config.receive success
INFO daq.pubber.Pubber - 2022-03-16T17:27:57Z update state 2022-03-16T17:27:57Z
INFO daq.pubber.Pubber - 2022-03-16T17:27:57Z Connection complete.
INFO daq.pubber.Pubber - 2022-03-16T17:27:57Z system.config.parse success
WARN daq.pubber.Pubber - 2022-03-16T17:27:57Z defer state update 1992
INFO daq.pubber.Pubber - 2022-03-16T17:27:57Z 2022-03-16T17:27:57Z received config 2022-03-16T15:09:23Z
INFO daq.pubber.Pubber - 2022-03-16T17:27:57Z Starting executor with send message delay 10000
INFO daq.pubber.Pubber - 2022-03-16T17:27:57Z system.config.apply success
INFO daq.pubber.Pubber - 2022-03-16T17:27:57Z synchronized start config result true
INFO daq.pubber.Pubber - Done with main
WARN daq.pubber.Pubber - 2022-03-16T17:27:57Z defer state update 1983
WARN daq.pubber.Pubber - 2022-03-16T17:27:57Z defer state update 1982
INFO daq.pubber.Pubber - 2022-03-16T17:28:07Z 2022-03-16T17:28:07Z sending test message #0
INFO daq.pubber.Pubber - 2022-03-16T17:28:07Z update state 2022-03-16T17:28:07Z
