build/libs/validator-1.0-SNAPSHOT-all.jar up-to-date, skipping build.
Writing config to /tmp/validator_config.json:
{
  "project_id": "daq1-273309",
  "site_model": "/Users/noureddine.elsaidi/udmifork/udmi/sites/udmi_site_model",
  "device_id": "AHU-1",
  "serial_no": "writeback_success",
  "log_level": "INFO",
  "udmi_version": "1.3.14-61-gf582ef3-dirty",
  "key_file": "/Users/noureddine.elsaidi/udmifork/udmi/sites/udmi_site_model/validator/rsa_private.pkcs8"
}
java -cp validator/build/libs/validator-1.0-SNAPSHOT-all.jar com.google.daq.mqtt.sequencer.SequenceRunner
Target sequence classes:
  com.google.daq.mqtt.sequencer.sequences.WritebackSequences
  com.google.daq.mqtt.sequencer.sequences.BlobsetSequences
  com.google.daq.mqtt.sequencer.sequences.ConfigSequences
  com.google.daq.mqtt.sequencer.sequences.DiscoverySequences
Running class com.google.daq.mqtt.sequencer.sequences.WritebackSequences (all tests)
Reading config file /tmp/validator_config.json
Reading device metadata file /Users/noureddine.elsaidi/udmifork/udmi/sites/udmi_site_model/devices/AHU-1/metadata.json
Writing results to /Users/noureddine.elsaidi/udmifork/udmi/sites/udmi_site_model/out/devices/AHU-1/RESULT.log
Loading reflector key file from /Users/noureddine.elsaidi/udmifork/udmi/sites/udmi_site_model/validator/rsa_private.pkcs8
Validating against device AHU-1 serial writeback_success
[main] INFO com.google.bos.iot.core.proxy.MqttPublisher - ZZ-TRI-FECTA token expiration sec 3600
[main] INFO com.google.bos.iot.core.proxy.MqttPublisher - ZZ-TRI-FECTA creating client projects/daq1-273309/locations/us-central1/registries/UDMS-REFLECT/devices/ZZ-TRI-FECTA on ssl://mqtt.googleapis.com:8883
[main] INFO com.google.bos.iot.core.proxy.MqttPublisher - ZZ-TRI-FECTA creating new jwt
[main] INFO com.google.bos.iot.core.proxy.MqttPublisher - ZZ-TRI-FECTA connecting to mqtt server
[main] INFO com.google.bos.iot.core.proxy.MqttPublisher - ZZ-TRI-FECTA adding subscriptions
[main] INFO com.google.bos.iot.core.proxy.MqttPublisher - ZZ-TRI-FECTA done with setup connection
Setting state version 1.3.14-61-gf582ef3-dirty timestamp 2022-11-06T13:28:29Z
2022-11-06T13:28:29Z NOTICE sequencer starting test writeback_success
[pool-1-thread-1] WARN com.google.bos.iot.core.proxy.MqttPublisher - Delaying state message by 2000
2022-11-06T13:28:29Z INFO sequencer start waiting for device config sync after 0s
2022-11-06T13:28:32Z INFO sequencer Updated config with timestamp 2022-11-06T13:28:31Z
2022-11-06T13:28:32Z INFO sequencer finished waiting for device config sync after 2s
2022-11-06T13:28:32Z INFO sequencer clearing system logs...
2022-11-06T13:28:33Z INFO sequencer start waiting for device config sync after 3s
2022-11-06T13:28:37Z NOTICE sequencer Received serial no sequencer-22616
2022-11-06T13:28:37Z INFO sequencer Updated state has last_config 2022-11-06T13:28:22Z
2022-11-06T13:28:37Z INFO sequencer Updated config with timestamp 2022-11-06T13:28:31Z
2022-11-06T13:28:37Z INFO sequencer Updated config with timestamp 2022-11-06T13:28:33Z
2022-11-06T13:28:37Z INFO sequencer Updated state has last_config 2022-11-06T13:28:33Z
2022-11-06T13:28:37Z INFO sequencer Updated config with timestamp 2022-11-06T13:28:33Z
2022-11-06T13:28:37Z INFO sequencer Updated config with timestamp 2022-11-06T13:28:36Z
2022-11-06T13:28:37Z INFO sequencer finished waiting for device config sync after 7s
2022-11-06T13:28:37Z INFO sequencer clearing system logs...
2022-11-06T13:28:40Z INFO sequencer start waiting for device config sync after 10s
2022-11-06T13:28:40Z INFO sequencer finished waiting for device config sync after 10s
2022-11-06T13:28:40Z INFO sequencer start waiting for device state update after 10s
2022-11-06T13:28:40Z INFO sequencer finished waiting for device state update after 10s
2022-11-06T13:28:40Z INFO sequencer start waiting for point filter_differential_pressure_setpoint to have value_state applied after 10s
2022-11-06T13:28:42Z Value state applied equals null = false
2022-11-06T13:28:42Z Value state applied equals null = false
2022-11-06T13:28:42Z Value state applied equals null = false
2022-11-06T13:28:42Z Value state applied equals null = false
2022-11-06T13:28:42Z Value state applied equals null = false
2022-11-06T13:28:42Z Value state applied equals null = false
2022-11-06T13:28:42Z Value state applied equals null = false
2022-11-06T13:28:42Z Value state applied equals null = false
2022-11-06T13:28:42Z Value state applied equals null = false
2022-11-06T13:28:42Z Value state applied equals null = false
2022-11-06T13:28:42Z Value state applied equals null = false
2022-11-06T13:28:42Z INFO sequencer Updated state has last_config 2022-11-06T13:28:36Z
2022-11-06T13:28:42Z Value state applied equals applied = true
2022-11-06T13:28:42Z INFO sequencer finished waiting for point filter_differential_pressure_setpoint to have value_state applied after 13s
2022-11-06T13:28:42Z INFO sequencer start waiting for point `filter_differential_pressure_setpoint` to have present_value `60` after 13s
2022-11-06T13:28:42Z INFO sequencer Value 132
2022-11-06T13:28:42Z INFO sequencer desired value is 60
2022-11-06T13:28:42Z INFO sequencer no
2022-11-06T13:28:42Z INFO sequencer Updated state has last_config 2022-11-06T13:28:36Z
2022-11-06T13:28:42Z INFO sequencer Updated config with timestamp 2022-11-06T13:28:38Z
2022-11-06T13:28:42Z INFO sequencer Updated state has last_config 2022-11-06T13:28:38Z
2022-11-06T13:28:42Z INFO sequencer Updated config with timestamp 2022-11-06T13:28:40Z
2022-11-06T13:28:42Z INFO sequencer Updated state has last_config 2022-11-06T13:28:40Z
2022-11-06T13:28:47Z INFO sequencer Value 60
2022-11-06T13:28:47Z INFO sequencer desired value is 60
2022-11-06T13:28:47Z INFO sequencer yes
2022-11-06T13:28:47Z INFO sequencer finished waiting for point `filter_differential_pressure_setpoint` to have present_value `60` after 17s
2022-11-06T13:28:47Z INFO sequencer start waiting for device config sync after 17s
2022-11-06T13:28:49Z INFO sequencer Updated config with timestamp 2022-11-06T13:28:47Z
2022-11-06T13:28:49Z INFO sequencer finished waiting for device config sync after 19s
2022-11-06T13:28:49Z INFO sequencer clearing system logs...
2022-11-06T13:28:50Z INFO sequencer start waiting for device config sync after 20s
2022-11-06T13:28:54Z INFO sequencer Updated state has last_config 2022-11-06T13:28:40Z
2022-11-06T13:28:54Z INFO sequencer Updated config with timestamp 2022-11-06T13:28:47Z
2022-11-06T13:28:54Z INFO sequencer Updated state has last_config 2022-11-06T13:28:47Z
2022-11-06T13:28:54Z INFO sequencer Updated config with timestamp 2022-11-06T13:28:50Z
2022-11-06T13:28:54Z INFO sequencer Updated config with timestamp 2022-11-06T13:28:52Z
2022-11-06T13:28:54Z INFO sequencer finished waiting for device config sync after 24s
2022-11-06T13:28:54Z NOTICE sequencer RESULT pass writeback_success Sequence complete
2022-11-06T13:28:54Z INFO sequencer Sequence complete
2022-11-06T13:28:54Z NOTICE sequencer ending test writeback_success after 24s
2022-11-06T13:28:54Z NOTICE sequencer starting test valid_serial_no
2022-11-06T13:28:54Z INFO sequencer start waiting for device config sync after 0s

2022-11-06T13:28:54Z NOTICE sequencer RESULT pass writeback_success Sequence complete
SUMMARY pass
