RESULT skip discovery.scan periodic_scan ALPHA 5 State testing disabled
RESULT skip discovery.scan single_scan ALPHA 5 State testing disabled
RESULT skip endpoint endpoint_connection_bad_hash ALPHA 5 State testing disabled
RESULT skip endpoint endpoint_connection_error ALPHA 5 State testing disabled
RESULT skip endpoint endpoint_connection_retry ALPHA 5 State testing disabled
RESULT skip endpoint endpoint_connection_success_alternate ALPHA 5 State testing disabled
RESULT skip endpoint endpoint_connection_success_reconnect ALPHA 5 State testing disabled
RESULT skip endpoint endpoint_failure_and_restart ALPHA 5 State testing disabled
RESULT skip endpoint endpoint_redirect_and_restart ALPHA 5 State testing disabled
RESULT skip enumeration empty_enumeration PREVIEW 5 State testing disabled
RESULT skip enumeration multi_enumeration ALPHA 5 State testing disabled
RESULT skip enumeration.families family_enumeration ALPHA 5 State testing disabled
RESULT skip enumeration.features feature_enumeration PREVIEW 5 State testing disabled
RESULT skip enumeration.pointset pointset_enumeration ALPHA 5 State testing disabled
RESULT skip pointset pointset_publish BETA 5 State testing disabled
RESULT skip pointset pointset_publish_interval BETA 5 State testing disabled
RESULT skip pointset pointset_remove_point ALPHA 5 State testing disabled
RESULT skip pointset pointset_request_extraneous ALPHA 5 State testing disabled
RESULT skip pointset pointset_sample_rate BETA 5 State testing disabled
RESULT skip system broken_config ALPHA 5 State testing disabled
RESULT skip system config_logging BETA 5 State testing disabled
RESULT skip system device_config_acked BETA 5 State testing disabled
RESULT skip system extra_config BETA 5 State testing disabled
RESULT skip system state_make_model BETA 5 State testing disabled
RESULT skip system state_software BETA 5 State testing disabled
RESULT skip system system_last_update STABLE 5 State testing disabled
RESULT skip system system_min_loglevel ALPHA 5 State testing disabled
RESULT skip system valid_serial_no ALPHA 5 State testing disabled
RESULT skip system.mode system_mode_restart ALPHA 5 State testing disabled
RESULT skip unknown family_ether_addr ALPHA 5 State testing disabled
RESULT skip unknown family_ipv4_addr ALPHA 5 State testing disabled
RESULT skip unknown family_ipv6_addr ALPHA 5 State testing disabled
RESULT skip writeback writeback_failure ALPHA 5 State testing disabled
RESULT skip writeback writeback_invalid ALPHA 5 State testing disabled
RESULT skip writeback writeback_success ALPHA 5 State testing disabled
