RESULT pass discovery.scan periodic_scan ALPHA 5 Sequence complete
RESULT pass discovery.scan single_scan ALPHA 5 Sequence complete
RESULT pass endpoint endpoint_connection_bad_hash ALPHA 5 Sequence complete
RESULT pass endpoint endpoint_connection_error ALPHA 5 Sequence complete
RESULT pass endpoint endpoint_connection_retry ALPHA 5 Sequence complete
RESULT pass endpoint endpoint_connection_success_alternate ALPHA 5 Sequence complete
RESULT pass endpoint endpoint_connection_success_reconnect ALPHA 5 Sequence complete
RESULT pass enumeration empty_enumeration ALPHA 5 Sequence complete
RESULT pass enumeration multi_enumeration ALPHA 5 Sequence complete
RESULT pass enumeration.families family_enumeration ALPHA 5 Sequence complete
RESULT pass enumeration.features feature_enumeration ALPHA 5 Sequence complete
RESULT pass enumeration.pointset pointset_enumeration ALPHA 5 Sequence complete
RESULT pass pointset pointset_publish_interval ALPHA 5 Sequence complete
RESULT pass pointset pointset_sample_rate ALPHA 5 Sequence complete
RESULT pass system broken_config ALPHA 5 Sequence complete
RESULT pass system device_config_acked ALPHA 5 Sequence complete
RESULT pass system extra_config BETA 5 Sequence complete
RESULT pass system system_last_update STABLE 5 Sequence complete
RESULT pass system system_min_loglevel ALPHA 5 Sequence complete
RESULT pass system valid_serial_no ALPHA 5 Sequence complete
RESULT pass system.mode system_mode_restart ALPHA 5 Sequence complete
RESULT pass unknown family_ether_addr ALPHA 5 Sequence complete
RESULT pass unknown family_ipv4_addr ALPHA 5 Sequence complete
RESULT pass unknown family_ipv6_addr ALPHA 5 Sequence complete
RESULT pass writeback writeback_failure ALPHA 5 Sequence complete
RESULT pass writeback writeback_invalid ALPHA 5 Sequence complete
RESULT pass writeback writeback_success ALPHA 5 Sequence complete
