Pubber log started at 2022-12-15T12:42:04Z
2022-12-15T12:42:04Z Loading device key bytes from ../../sites/udmi_site_model/devices/AHU-1/rsa_private.pkcs8
2022-12-15T12:42:04Z Publishing dirty state block
2022-12-15T12:42:04Z State update defer -1671108122304ms
2022-12-15T12:42:04Z update state 2022-12-15T12:42:04Z last_config 1970-01-01T00:00:00Z
2022-12-15T12:42:04Z State update:
{
  "timestamp" : "2022-12-15T12:42:04Z",
  "system" : {
    "last_config" : "1970-01-01T00:00:00Z",
    "operational" : true,
    "mode" : "initial",
    "last_start" : "2022-12-15T12:42:02Z",
    "serial_no" : "123",
    "hardware" : {
      "make" : "BOS",
      "model" : "pubber"
    },
    "software" : {
      "firmware" : "v1"
    }
  },
  "pointset" : {
    "points" : {
      "filter_alarm_pressure_status" : { },
      "filter_differential_pressure_setpoint" : { },
      "filter_differential_pressure_sensor" : { }
    }
  }
}
2022-12-15T12:42:06Z Connection complete.
2022-12-15T12:42:06Z Entry DEBUG system.config.receive success 2022-12-15T12:42:06Z
2022-12-15T12:42:06Z Entry DEBUG system.config.parse success 2022-12-15T12:42:06Z
2022-12-15T12:42:06Z Config handler
2022-12-15T12:42:06Z Config update (broken_config):
{
  "timestamp" : "2022-12-09T10:40:57Z",
  "version" : "1.3.14-62-g39a4a56-dirty",
  "system" : {
    "min_loglevel" : 200,
    "metrics_rate_sec" : 600,
    "last_start" : "2022-12-15T12:13:25Z",
    "testing" : {
      "sequence_name" : "broken_config"
    }
  },
  "pointset" : {
    "points" : {
      "filter_alarm_pressure_status" : {
        "ref" : "BV11.present_value"
      },
      "filter_differential_pressure_setpoint" : {
        "set_value" : 98
      },
      "filter_differential_pressure_sensor" : {
        "ref" : "AV12.present_value"
      }
    }
  }
}
2022-12-15T12:42:06Z 2022-12-15T12:42:06Z received config 2022-12-09T10:40:57Z
2022-12-15T12:42:06Z Starting executor with send message delay 10000
2022-12-15T12:42:06Z Entry NOTICE system.config.apply success 2022-12-15T12:42:06Z (broken_config)
2022-12-15T12:42:10Z Entry DEBUG system.config.receive success 2022-12-15T12:42:10Z (broken_config)
2022-12-15T12:42:10Z State update defer -1932ms
2022-12-15T12:42:10Z update state 2022-12-15T12:42:10Z last_config 2022-12-09T10:40:57Z
2022-12-15T12:42:10Z State update (broken_config):
{
  "timestamp" : "2022-12-15T12:42:10Z",
  "version" : "1.4.0",
  "system" : {
    "last_config" : "2022-12-09T10:40:57Z",
    "operational" : true,
    "mode" : "initial",
    "last_start" : "2022-12-15T12:42:02Z",
    "serial_no" : "123",
    "hardware" : {
      "make" : "BOS",
      "model" : "pubber"
    },
    "software" : {
      "firmware" : "v1"
    }
  },
  "pointset" : {
    "points" : {
      "filter_alarm_pressure_status" : { },
      "filter_differential_pressure_setpoint" : {
        "value_state" : "applied"
      },
      "filter_differential_pressure_sensor" : { }
    }
  }
}
2022-12-15T12:42:10Z Entry DEBUG system.config.parse success 2022-12-15T12:42:10Z (broken_config)
2022-12-15T12:42:10Z State update defer 1999ms
2022-12-15T12:42:10Z Config handler
2022-12-15T12:42:10Z Config update (broken_config):
{
  "timestamp" : "2022-12-09T10:40:57Z",
  "version" : "1.3.14-62-g39a4a56-dirty",
  "system" : {
    "min_loglevel" : 200,
    "metrics_rate_sec" : 600,
    "last_start" : "2022-12-15T12:42:02Z",
    "testing" : {
      "sequence_name" : "broken_config"
    }
  },
  "pointset" : {
    "points" : {
      "filter_alarm_pressure_status" : {
        "ref" : "BV11.present_value"
      },
      "filter_differential_pressure_setpoint" : {
        "set_value" : 98
      },
      "filter_differential_pressure_sensor" : {
        "ref" : "AV12.present_value"
      }
    }
  }
}
2022-12-15T12:42:10Z 2022-12-15T12:42:10Z received config 2022-12-09T10:40:57Z
2022-12-15T12:42:10Z Entry NOTICE system.config.apply success 2022-12-15T12:42:10Z (broken_config)
2022-12-15T12:42:10Z State update defer 1983ms
2022-12-15T12:42:10Z State update defer 1981ms
2022-12-15T12:42:12Z State update defer -3ms
2022-12-15T12:42:12Z update state 2022-12-15T12:42:12Z last_config 2022-12-09T10:40:57Z
2022-12-15T12:42:12Z State update (broken_config):
{
  "timestamp" : "2022-12-15T12:42:12Z",
  "version" : "1.4.0",
  "system" : {
    "last_config" : "2022-12-09T10:40:57Z",
    "operational" : true,
    "mode" : "initial",
    "last_start" : "2022-12-15T12:42:02Z",
    "serial_no" : "123",
    "hardware" : {
      "make" : "BOS",
      "model" : "pubber"
    },
    "software" : {
      "firmware" : "v1"
    },
    "status" : {
      "message" : "success",
      "category" : "system.config.apply",
      "timestamp" : "2022-12-15T12:42:10Z",
      "level" : 300
    }
  },
  "pointset" : {
    "points" : {
      "filter_alarm_pressure_status" : { },
      "filter_differential_pressure_setpoint" : {
        "value_state" : "applied"
      },
      "filter_differential_pressure_sensor" : { }
    }
  }
}
2022-12-15T12:42:16Z maybeRestartSystem initial null 8
2022-12-15T12:42:16Z 2022-12-15T12:42:16Z sending test message #0
2022-12-15T12:42:26Z maybeRestartSystem initial null 8
2022-12-15T12:42:36Z maybeRestartSystem initial null 8
2022-12-15T12:42:46Z maybeRestartSystem initial null 8
2022-12-15T12:42:56Z maybeRestartSystem initial null 8
2022-12-15T12:43:06Z maybeRestartSystem initial null 8
2022-12-15T12:43:16Z maybeRestartSystem initial null 8
2022-12-15T12:43:26Z maybeRestartSystem initial null 8
2022-12-15T12:43:36Z maybeRestartSystem initial null 8
2022-12-15T12:43:46Z maybeRestartSystem initial null 8
2022-12-15T12:43:56Z maybeRestartSystem initial null 8
2022-12-15T12:43:56Z 2022-12-15T12:43:56Z sending test message #10
2022-12-15T12:44:06Z maybeRestartSystem initial null 8
2022-12-15T12:44:16Z maybeRestartSystem initial null 8
2022-12-15T12:44:26Z maybeRestartSystem initial null 8
2022-12-15T12:44:36Z maybeRestartSystem initial null 8
2022-12-15T12:44:46Z maybeRestartSystem initial null 8
2022-12-15T12:44:56Z maybeRestartSystem initial null 8
2022-12-15T12:45:06Z maybeRestartSystem initial null 8
2022-12-15T12:45:16Z maybeRestartSystem initial null 8
2022-12-15T12:45:26Z maybeRestartSystem initial null 8
2022-12-15T12:45:36Z maybeRestartSystem initial null 8
2022-12-15T12:45:36Z 2022-12-15T12:45:36Z sending test message #20
2022-12-15T12:45:46Z maybeRestartSystem initial null 8
2022-12-15T12:45:56Z maybeRestartSystem initial null 8
2022-12-15T12:46:06Z maybeRestartSystem initial null 8
2022-12-15T12:46:16Z maybeRestartSystem initial null 8
2022-12-15T12:46:26Z maybeRestartSystem initial null 8
2022-12-15T12:46:36Z maybeRestartSystem initial null 8
2022-12-15T12:46:46Z maybeRestartSystem initial null 8
2022-12-15T12:46:56Z maybeRestartSystem initial null 8
2022-12-15T12:47:06Z maybeRestartSystem initial null 8
2022-12-15T12:47:16Z maybeRestartSystem initial null 8
2022-12-15T12:47:16Z 2022-12-15T12:47:16Z sending test message #30
2022-12-15T12:47:26Z maybeRestartSystem initial null 8
2022-12-15T12:47:36Z maybeRestartSystem initial null 8
2022-12-15T12:47:46Z maybeRestartSystem initial null 8
2022-12-15T12:47:56Z maybeRestartSystem initial null 8
2022-12-15T12:48:06Z maybeRestartSystem initial null 8
2022-12-15T12:48:16Z maybeRestartSystem initial null 8
2022-12-15T12:48:26Z maybeRestartSystem initial null 8
2022-12-15T12:48:36Z maybeRestartSystem initial null 8
2022-12-15T12:48:46Z maybeRestartSystem initial null 8
2022-12-15T12:48:56Z maybeRestartSystem initial null 8
2022-12-15T12:48:56Z 2022-12-15T12:48:56Z sending test message #40
2022-12-15T12:49:06Z maybeRestartSystem initial null 8
2022-12-15T12:49:16Z maybeRestartSystem initial null 8
2022-12-15T12:49:26Z maybeRestartSystem initial null 8
2022-12-15T12:49:36Z maybeRestartSystem initial null 8
2022-12-15T12:49:46Z maybeRestartSystem initial null 8
2022-12-15T12:49:56Z maybeRestartSystem initial null 8
2022-12-15T12:50:06Z maybeRestartSystem initial null 8
2022-12-15T12:50:16Z maybeRestartSystem initial null 8
2022-12-15T12:50:26Z maybeRestartSystem initial null 8
2022-12-15T12:50:36Z maybeRestartSystem initial null 8
2022-12-15T12:50:36Z 2022-12-15T12:50:36Z sending test message #50
2022-12-15T12:50:46Z maybeRestartSystem initial null 8
2022-12-15T12:50:56Z maybeRestartSystem initial null 8
2022-12-15T12:51:06Z maybeRestartSystem initial null 8
2022-12-15T12:51:16Z maybeRestartSystem initial null 8
2022-12-15T12:51:26Z maybeRestartSystem initial null 8
2022-12-15T12:51:36Z maybeRestartSystem initial null 8
2022-12-15T12:51:46Z maybeRestartSystem initial null 8
2022-12-15T12:51:56Z maybeRestartSystem initial null 8
2022-12-15T12:52:06Z maybeRestartSystem initial null 8
2022-12-15T12:52:16Z maybeRestartSystem initial null 8
2022-12-15T12:52:16Z 2022-12-15T12:52:16Z sending test message #60
2022-12-15T12:52:26Z maybeRestartSystem initial null 8
2022-12-15T12:52:36Z maybeRestartSystem initial null 8
2022-12-15T12:52:46Z maybeRestartSystem initial null 8
2022-12-15T12:52:56Z maybeRestartSystem initial null 8
2022-12-15T12:53:06Z maybeRestartSystem initial null 8
2022-12-15T12:53:16Z maybeRestartSystem initial null 8
2022-12-15T12:53:26Z maybeRestartSystem initial null 8
2022-12-15T12:53:36Z maybeRestartSystem initial null 8
2022-12-15T12:53:46Z maybeRestartSystem initial null 8
2022-12-15T12:53:56Z maybeRestartSystem initial null 8
2022-12-15T12:53:56Z 2022-12-15T12:53:56Z sending test message #70
2022-12-15T12:54:06Z maybeRestartSystem initial null 8
2022-12-15T12:54:16Z maybeRestartSystem initial null 8
2022-12-15T12:54:26Z maybeRestartSystem initial null 8
2022-12-15T12:54:36Z maybeRestartSystem initial null 8
2022-12-15T12:54:46Z maybeRestartSystem initial null 8
2022-12-15T12:54:56Z maybeRestartSystem initial null 8
2022-12-15T12:55:06Z maybeRestartSystem initial null 8
2022-12-15T12:55:16Z maybeRestartSystem initial null 8
2022-12-15T12:55:26Z maybeRestartSystem initial null 8
2022-12-15T12:55:36Z maybeRestartSystem initial null 8
2022-12-15T12:55:36Z 2022-12-15T12:55:36Z sending test message #80
2022-12-15T12:55:46Z maybeRestartSystem initial null 8
2022-12-15T12:55:56Z maybeRestartSystem initial null 8
2022-12-15T12:56:06Z maybeRestartSystem initial null 8
2022-12-15T12:56:16Z maybeRestartSystem initial null 8
2022-12-15T12:56:26Z maybeRestartSystem initial null 8
2022-12-15T12:56:36Z maybeRestartSystem initial null 8
2022-12-15T12:56:46Z maybeRestartSystem initial null 8
2022-12-15T12:56:56Z maybeRestartSystem initial null 8
2022-12-15T12:57:06Z maybeRestartSystem initial null 8
2022-12-15T12:57:16Z maybeRestartSystem initial null 8
2022-12-15T12:57:16Z 2022-12-15T12:57:16Z sending test message #90
2022-12-15T12:57:26Z maybeRestartSystem initial null 8
2022-12-15T12:57:36Z maybeRestartSystem initial null 8
2022-12-15T12:57:46Z maybeRestartSystem initial null 8
2022-12-15T12:57:56Z maybeRestartSystem initial null 8
2022-12-15T12:58:06Z maybeRestartSystem initial null 8
2022-12-15T12:58:16Z maybeRestartSystem initial null 8
2022-12-15T12:58:26Z maybeRestartSystem initial null 8
2022-12-15T12:58:36Z maybeRestartSystem initial null 8
2022-12-15T12:58:46Z maybeRestartSystem initial null 8
2022-12-15T12:58:56Z maybeRestartSystem initial null 8
2022-12-15T12:58:56Z 2022-12-15T12:58:56Z sending test message #100
2022-12-15T12:59:06Z maybeRestartSystem initial null 8
2022-12-15T12:59:16Z maybeRestartSystem initial null 8
2022-12-15T12:59:26Z maybeRestartSystem initial null 8
2022-12-15T12:59:36Z maybeRestartSystem initial null 8
2022-12-15T12:59:46Z maybeRestartSystem initial null 8
2022-12-15T12:59:56Z maybeRestartSystem initial null 8
2022-12-15T13:00:06Z maybeRestartSystem initial null 8
2022-12-15T13:00:16Z maybeRestartSystem initial null 8
2022-12-15T13:00:26Z maybeRestartSystem initial null 8
2022-12-15T13:00:36Z maybeRestartSystem initial null 8
2022-12-15T13:00:36Z 2022-12-15T13:00:36Z sending test message #110
2022-12-15T13:00:46Z maybeRestartSystem initial null 8
2022-12-15T13:00:56Z maybeRestartSystem initial null 8
2022-12-15T13:01:06Z maybeRestartSystem initial null 8
2022-12-15T13:01:16Z maybeRestartSystem initial null 8
2022-12-15T13:01:26Z maybeRestartSystem initial null 8
2022-12-15T13:01:36Z maybeRestartSystem initial null 8
2022-12-15T13:01:46Z maybeRestartSystem initial null 8
2022-12-15T13:01:56Z maybeRestartSystem initial null 8
2022-12-15T13:02:06Z maybeRestartSystem initial null 8
2022-12-15T13:02:16Z maybeRestartSystem initial null 8
2022-12-15T13:02:16Z 2022-12-15T13:02:16Z sending test message #120
2022-12-15T13:02:26Z maybeRestartSystem initial null 8
2022-12-15T13:02:36Z maybeRestartSystem initial null 8
2022-12-15T13:02:46Z maybeRestartSystem initial null 8
2022-12-15T13:02:56Z maybeRestartSystem initial null 8
2022-12-15T13:03:06Z maybeRestartSystem initial null 8
2022-12-15T13:03:16Z maybeRestartSystem initial null 8
2022-12-15T13:03:26Z maybeRestartSystem initial null 8
2022-12-15T13:03:36Z maybeRestartSystem initial null 8
2022-12-15T13:03:46Z maybeRestartSystem initial null 8
2022-12-15T13:03:56Z maybeRestartSystem initial null 8
2022-12-15T13:03:56Z 2022-12-15T13:03:56Z sending test message #130
2022-12-15T13:04:06Z maybeRestartSystem initial null 8
2022-12-15T13:04:16Z maybeRestartSystem initial null 8
2022-12-15T13:04:26Z maybeRestartSystem initial null 8
2022-12-15T13:04:36Z maybeRestartSystem initial null 8
2022-12-15T13:04:46Z maybeRestartSystem initial null 8
2022-12-15T13:04:56Z maybeRestartSystem initial null 8
2022-12-15T13:05:06Z maybeRestartSystem initial null 8
2022-12-15T13:05:16Z maybeRestartSystem initial null 8
2022-12-15T13:05:26Z maybeRestartSystem initial null 8
2022-12-15T13:05:36Z maybeRestartSystem initial null 8
2022-12-15T13:05:36Z 2022-12-15T13:05:36Z sending test message #140
2022-12-15T13:05:46Z maybeRestartSystem initial null 8
2022-12-15T13:05:56Z maybeRestartSystem initial null 8
2022-12-15T13:06:06Z maybeRestartSystem initial null 8
2022-12-15T13:06:16Z maybeRestartSystem initial null 8
2022-12-15T13:06:26Z maybeRestartSystem initial null 8
2022-12-15T13:06:36Z maybeRestartSystem initial null 8
2022-12-15T13:06:46Z maybeRestartSystem initial null 8
2022-12-15T13:06:56Z maybeRestartSystem initial null 8
2022-12-15T13:07:06Z maybeRestartSystem initial null 8
2022-12-15T13:07:16Z maybeRestartSystem initial null 8
2022-12-15T13:07:16Z 2022-12-15T13:07:16Z sending test message #150
2022-12-15T13:07:26Z maybeRestartSystem initial null 8
2022-12-15T13:07:36Z maybeRestartSystem initial null 8
2022-12-15T13:07:46Z maybeRestartSystem initial null 8
2022-12-15T13:07:56Z maybeRestartSystem initial null 8
2022-12-15T13:08:06Z maybeRestartSystem initial null 8
2022-12-15T13:08:16Z maybeRestartSystem initial null 8
2022-12-15T13:08:18Z Connection closed, attempting reconnect...
